{"/Users/angie_2502/parqueadero/src/config/db.js": {"path":"/Users/angie_2502/parqueadero/src/config/db.js","statementMap":{"0":{"start":{"line":1,"column":14},"end":{"line":1,"column":39}},"1":{"start":{"line":2,"column":0},"end":{"line":2,"column":27}},"2":{"start":{"line":5,"column":13},"end":{"line":15,"column":2}},"3":{"start":{"line":17,"column":0},"end":{"line":17,"column":22}}},"fnMap":{},"branchMap":{"0":{"loc":{"start":{"line":6,"column":10},"end":{"line":6,"column":44}},"type":"binary-expr","locations":[{"start":{"line":6,"column":10},"end":{"line":6,"column":29}},{"start":{"line":6,"column":33},"end":{"line":6,"column":44}}],"line":6},"1":{"loc":{"start":{"line":7,"column":10},"end":{"line":7,"column":39}},"type":"binary-expr","locations":[{"start":{"line":7,"column":10},"end":{"line":7,"column":29}},{"start":{"line":7,"column":33},"end":{"line":7,"column":39}}],"line":7},"2":{"loc":{"start":{"line":8,"column":14},"end":{"line":8,"column":43}},"type":"binary-expr","locations":[{"start":{"line":8,"column":14},"end":{"line":8,"column":37}},{"start":{"line":8,"column":41},"end":{"line":8,"column":43}}],"line":8},"3":{"loc":{"start":{"line":9,"column":14},"end":{"line":9,"column":50}},"type":"binary-expr","locations":[{"start":{"line":9,"column":14},"end":{"line":9,"column":33}},{"start":{"line":9,"column":37},"end":{"line":9,"column":50}}],"line":9}},"s":{"0":1,"1":1,"2":1,"3":1},"f":{},"b":{"0":[1,0],"1":[1,0],"2":[1,0],"3":[1,0]},"_coverageSchema":"1a1c01bbd47fc00a2c39e90264f33305004495a9","hash":"7a8330cfcec8381795264220e9fdef40b5100c20"}
,"/Users/angie_2502/parqueadero/src/middleware/auth.js": {"path":"/Users/angie_2502/parqueadero/src/middleware/auth.js","statementMap":{"0":{"start":{"line":1,"column":12},"end":{"line":1,"column":35}},"1":{"start":{"line":3,"column":20},"end":{"line":26,"column":1}},"2":{"start":{"line":4,"column":25},"end":{"line":4,"column":53}},"3":{"start":{"line":6,"column":4},"end":{"line":11,"column":5}},"4":{"start":{"line":7,"column":8},"end":{"line":10,"column":11}},"5":{"start":{"line":13,"column":4},"end":{"line":25,"column":5}},"6":{"start":{"line":14,"column":23},"end":{"line":14,"column":46}},"7":{"start":{"line":15,"column":22},"end":{"line":15,"column":31}},"8":{"start":{"line":16,"column":24},"end":{"line":16,"column":85}},"9":{"start":{"line":18,"column":8},"end":{"line":18,"column":27}},"10":{"start":{"line":19,"column":8},"end":{"line":19,"column":15}},"11":{"start":{"line":21,"column":8},"end":{"line":24,"column":11}},"12":{"start":{"line":28,"column":0},"end":{"line":28,"column":29}}},"fnMap":{"0":{"name":"(anonymous_0)","decl":{"start":{"line":3,"column":20},"end":{"line":3,"column":21}},"loc":{"start":{"line":3,"column":40},"end":{"line":26,"column":1}},"line":3}},"branchMap":{"0":{"loc":{"start":{"line":6,"column":4},"end":{"line":11,"column":5}},"type":"if","locations":[{"start":{"line":6,"column":4},"end":{"line":11,"column":5}},{"start":{},"end":{}}],"line":6},"1":{"loc":{"start":{"line":16,"column":42},"end":{"line":16,"column":84}},"type":"binary-expr","locations":[{"start":{"line":16,"column":42},"end":{"line":16,"column":64}},{"start":{"line":16,"column":68},"end":{"line":16,"column":84}}],"line":16}},"s":{"0":1,"1":1,"2":0,"3":0,"4":0,"5":0,"6":0,"7":0,"8":0,"9":0,"10":0,"11":0,"12":1},"f":{"0":0},"b":{"0":[0,0],"1":[0,0]},"_coverageSchema":"1a1c01bbd47fc00a2c39e90264f33305004495a9","hash":"386638b390bcb77926d14a1d7a7b1b4349b6e118"}
,"/Users/angie_2502/parqueadero/src/routes/movimientos.js": {"path":"/Users/angie_2502/parqueadero/src/routes/movimientos.js","statementMap":{"0":{"start":{"line":1,"column":16},"end":{"line":1,"column":34}},"1":{"start":{"line":2,"column":15},"end":{"line":2,"column":31}},"2":{"start":{"line":3,"column":13},"end":{"line":3,"column":36}},"3":{"start":{"line":4,"column":20},"end":{"line":4,"column":49}},"4":{"start":{"line":8,"column":22},"end":{"line":14,"column":5}},"5":{"start":{"line":15,"column":4},"end":{"line":15,"column":30}},"6":{"start":{"line":20,"column":21},"end":{"line":20,"column":48}},"7":{"start":{"line":21,"column":21},"end":{"line":21,"column":46}},"8":{"start":{"line":22,"column":21},"end":{"line":22,"column":54}},"9":{"start":{"line":23,"column":23},"end":{"line":23,"column":63}},"10":{"start":{"line":24,"column":23},"end":{"line":24,"column":60}},"11":{"start":{"line":25,"column":18},"end":{"line":25,"column":51}},"12":{"start":{"line":26,"column":19},"end":{"line":26,"column":51}},"13":{"start":{"line":28,"column":19},"end":{"line":28,"column":26}},"14":{"start":{"line":29,"column":16},"end":{"line":29,"column":17}},"15":{"start":{"line":30,"column":15},"end":{"line":30,"column":16}},"16":{"start":{"line":30,"column":26},"end":{"line":30,"column":27}},"17":{"start":{"line":30,"column":36},"end":{"line":30,"column":37}},"18":{"start":{"line":33,"column":4},"end":{"line":41,"column":5}},"19":{"start":{"line":34,"column":8},"end":{"line":34,"column":26}},"20":{"start":{"line":35,"column":8},"end":{"line":35,"column":33}},"21":{"start":{"line":36,"column":8},"end":{"line":36,"column":25}},"22":{"start":{"line":38,"column":8},"end":{"line":38,"column":24}},"23":{"start":{"line":39,"column":8},"end":{"line":39,"column":33}},"24":{"start":{"line":40,"column":8},"end":{"line":40,"column":21}},"25":{"start":{"line":44,"column":4},"end":{"line":53,"column":5}},"26":{"start":{"line":45,"column":25},"end":{"line":45,"column":38}},"27":{"start":{"line":46,"column":29},"end":{"line":46,"column":96}},"28":{"start":{"line":47,"column":8},"end":{"line":49,"column":9}},"29":{"start":{"line":48,"column":12},"end":{"line":48,"column":40}},"30":{"start":{"line":50,"column":8},"end":{"line":50,"column":31}},"31":{"start":{"line":51,"column":8},"end":{"line":51,"column":34}},"32":{"start":{"line":52,"column":8},"end":{"line":52,"column":31}},"33":{"start":{"line":56,"column":4},"end":{"line":62,"column":5}},"34":{"start":{"line":57,"column":24},"end":{"line":57,"column":44}},"35":{"start":{"line":58,"column":28},"end":{"line":58,"column":94}},"36":{"start":{"line":59,"column":8},"end":{"line":59,"column":29}},"37":{"start":{"line":60,"column":8},"end":{"line":60,"column":33}},"38":{"start":{"line":61,"column":8},"end":{"line":61,"column":21}},"39":{"start":{"line":64,"column":4},"end":{"line":64,"column":75}},"40":{"start":{"line":68,"column":21},"end":{"line":68,"column":48}},"41":{"start":{"line":69,"column":21},"end":{"line":69,"column":46}},"42":{"start":{"line":70,"column":21},"end":{"line":70,"column":54}},"43":{"start":{"line":71,"column":17},"end":{"line":71,"column":45}},"44":{"start":{"line":73,"column":4},"end":{"line":75,"column":5}},"45":{"start":{"line":74,"column":8},"end":{"line":74,"column":94}},"46":{"start":{"line":76,"column":4},"end":{"line":79,"column":5}},"47":{"start":{"line":77,"column":22},"end":{"line":77,"column":45}},"48":{"start":{"line":78,"column":8},"end":{"line":78,"column":103}},"49":{"start":{"line":80,"column":4},"end":{"line":83,"column":5}},"50":{"start":{"line":81,"column":21},"end":{"line":81,"column":51}},"51":{"start":{"line":82,"column":8},"end":{"line":82,"column":107}},"52":{"start":{"line":85,"column":4},"end":{"line":85,"column":47}},"53":{"start":{"line":89,"column":0},"end":{"line":151,"column":3}},"54":{"start":{"line":90,"column":4},"end":{"line":150,"column":5}},"55":{"start":{"line":91,"column":32},"end":{"line":91,"column":40}},"56":{"start":{"line":92,"column":26},"end":{"line":92,"column":45}},"57":{"start":{"line":94,"column":8},"end":{"line":96,"column":9}},"58":{"start":{"line":95,"column":12},"end":{"line":95,"column":102}},"59":{"start":{"line":98,"column":23},"end":{"line":98,"column":65}},"60":{"start":{"line":99,"column":8},"end":{"line":101,"column":9}},"61":{"start":{"line":100,"column":12},"end":{"line":100,"column":108}},"62":{"start":{"line":104,"column":28},"end":{"line":107,"column":9}},"63":{"start":{"line":109,"column":8},"end":{"line":117,"column":9}},"64":{"start":{"line":110,"column":26},"end":{"line":113,"column":13}},"65":{"start":{"line":114,"column":12},"end":{"line":114,"column":38}},"66":{"start":{"line":116,"column":12},"end":{"line":116,"column":50}},"67":{"start":{"line":120,"column":26},"end":{"line":123,"column":9}},"68":{"start":{"line":124,"column":8},"end":{"line":126,"column":9}},"69":{"start":{"line":125,"column":12},"end":{"line":125,"column":99}},"70":{"start":{"line":128,"column":22},"end":{"line":132,"column":9}},"71":{"start":{"line":134,"column":28},"end":{"line":144,"column":9}},"72":{"start":{"line":146,"column":8},"end":{"line":146,"column":98}},"73":{"start":{"line":148,"column":8},"end":{"line":148,"column":47}},"74":{"start":{"line":149,"column":8},"end":{"line":149,"column":88}},"75":{"start":{"line":154,"column":0},"end":{"line":226,"column":3}},"76":{"start":{"line":155,"column":4},"end":{"line":225,"column":5}},"77":{"start":{"line":156,"column":38},"end":{"line":156,"column":46}},"78":{"start":{"line":157,"column":26},"end":{"line":157,"column":45}},"79":{"start":{"line":158,"column":8},"end":{"line":160,"column":9}},"80":{"start":{"line":159,"column":12},"end":{"line":159,"column":93}},"81":{"start":{"line":162,"column":28},"end":{"line":165,"column":9}},"82":{"start":{"line":166,"column":8},"end":{"line":168,"column":9}},"83":{"start":{"line":167,"column":12},"end":{"line":167,"column":95}},"84":{"start":{"line":169,"column":25},"end":{"line":169,"column":37}},"85":{"start":{"line":171,"column":23},"end":{"line":174,"column":9}},"86":{"start":{"line":175,"column":8},"end":{"line":177,"column":9}},"87":{"start":{"line":176,"column":12},"end":{"line":176,"column":108}},"88":{"start":{"line":178,"column":20},"end":{"line":178,"column":27}},"89":{"start":{"line":180,"column":23},"end":{"line":180,"column":74}},"90":{"start":{"line":181,"column":8},"end":{"line":183,"column":9}},"91":{"start":{"line":182,"column":12},"end":{"line":182,"column":108}},"92":{"start":{"line":185,"column":25},"end":{"line":188,"column":9}},"93":{"start":{"line":189,"column":24},"end":{"line":189,"column":41}},"94":{"start":{"line":190,"column":54},"end":{"line":190,"column":88}},"95":{"start":{"line":192,"column":8},"end":{"line":196,"column":10}},"96":{"start":{"line":198,"column":8},"end":{"line":204,"column":9}},"97":{"start":{"line":199,"column":12},"end":{"line":203,"column":14}},"98":{"start":{"line":206,"column":24},"end":{"line":219,"column":9}},"99":{"start":{"line":221,"column":8},"end":{"line":221,"column":81}},"100":{"start":{"line":223,"column":8},"end":{"line":223,"column":46}},"101":{"start":{"line":224,"column":8},"end":{"line":224,"column":87}},"102":{"start":{"line":228,"column":0},"end":{"line":228,"column":24}},"103":{"start":{"line":229,"column":0},"end":{"line":229,"column":55}},"104":{"start":{"line":230,"column":0},"end":{"line":230,"column":45}},"105":{"start":{"line":233,"column":28},"end":{"line":233,"column":56}},"106":{"start":{"line":234,"column":0},"end":{"line":249,"column":3}},"107":{"start":{"line":235,"column":4},"end":{"line":248,"column":5}},"108":{"start":{"line":236,"column":23},"end":{"line":242,"column":9}},"109":{"start":{"line":243,"column":8},"end":{"line":243,"column":105}},"110":{"start":{"line":243,"column":31},"end":{"line":243,"column":105}},"111":{"start":{"line":244,"column":8},"end":{"line":244,"column":51}},"112":{"start":{"line":246,"column":8},"end":{"line":246,"column":25}},"113":{"start":{"line":247,"column":8},"end":{"line":247,"column":86}},"114":{"start":{"line":252,"column":0},"end":{"line":299,"column":3}},"115":{"start":{"line":253,"column":4},"end":{"line":298,"column":5}},"116":{"start":{"line":254,"column":22},"end":{"line":254,"column":35}},"117":{"start":{"line":255,"column":23},"end":{"line":262,"column":9}},"118":{"start":{"line":263,"column":8},"end":{"line":263,"column":114}},"119":{"start":{"line":263,"column":31},"end":{"line":263,"column":114}},"120":{"start":{"line":264,"column":18},"end":{"line":264,"column":25}},"121":{"start":{"line":265,"column":8},"end":{"line":265,"column":112}},"122":{"start":{"line":265,"column":29},"end":{"line":265,"column":112}},"123":{"start":{"line":267,"column":29},"end":{"line":267,"column":54}},"124":{"start":{"line":268,"column":28},"end":{"line":268,"column":52}},"125":{"start":{"line":269,"column":24},"end":{"line":269,"column":85}},"126":{"start":{"line":270,"column":21},"end":{"line":270,"column":50}},"127":{"start":{"line":271,"column":24},"end":{"line":271,"column":41}},"128":{"start":{"line":272,"column":22},"end":{"line":272,"column":46}},"129":{"start":{"line":273,"column":24},"end":{"line":273,"column":36}},"130":{"start":{"line":275,"column":24},"end":{"line":278,"column":9}},"131":{"start":{"line":279,"column":24},"end":{"line":293,"column":9}},"132":{"start":{"line":292,"column":37},"end":{"line":292,"column":94}},"133":{"start":{"line":294,"column":8},"end":{"line":294,"column":50}},"134":{"start":{"line":296,"column":8},"end":{"line":296,"column":48}},"135":{"start":{"line":297,"column":8},"end":{"line":297,"column":84}}},"fnMap":{"0":{"name":"obtenerTarifaActiva","decl":{"start":{"line":7,"column":15},"end":{"line":7,"column":34}},"loc":{"start":{"line":7,"column":60},"end":{"line":16,"column":1}},"line":7},"1":{"name":"calcularTotalMixto","decl":{"start":{"line":19,"column":9},"end":{"line":19,"column":27}},"loc":{"start":{"line":19,"column":45},"end":{"line":65,"column":1}},"line":19},"2":{"name":"calcularTotal","decl":{"start":{"line":67,"column":9},"end":{"line":67,"column":22}},"loc":{"start":{"line":67,"column":44},"end":{"line":86,"column":1}},"line":67},"3":{"name":"(anonymous_3)","decl":{"start":{"line":89,"column":37},"end":{"line":89,"column":38}},"loc":{"start":{"line":89,"column":57},"end":{"line":151,"column":1}},"line":89},"4":{"name":"(anonymous_4)","decl":{"start":{"line":154,"column":36},"end":{"line":154,"column":37}},"loc":{"start":{"line":154,"column":56},"end":{"line":226,"column":1}},"line":154},"5":{"name":"(anonymous_5)","decl":{"start":{"line":234,"column":63},"end":{"line":234,"column":64}},"loc":{"start":{"line":234,"column":83},"end":{"line":249,"column":1}},"line":234},"6":{"name":"(anonymous_6)","decl":{"start":{"line":252,"column":63},"end":{"line":252,"column":64}},"loc":{"start":{"line":252,"column":83},"end":{"line":299,"column":1}},"line":252},"7":{"name":"(anonymous_7)","decl":{"start":{"line":292,"column":33},"end":{"line":292,"column":34}},"loc":{"start":{"line":292,"column":37},"end":{"line":292,"column":94}},"line":292}},"branchMap":{"0":{"loc":{"start":{"line":15,"column":11},"end":{"line":15,"column":29}},"type":"binary-expr","locations":[{"start":{"line":15,"column":11},"end":{"line":15,"column":21}},{"start":{"line":15,"column":25},"end":{"line":15,"column":29}}],"line":15},"1":{"loc":{"start":{"line":23,"column":30},"end":{"line":23,"column":62}},"type":"binary-expr","locations":[{"start":{"line":23,"column":30},"end":{"line":23,"column":57}},{"start":{"line":23,"column":61},"end":{"line":23,"column":62}}],"line":23},"2":{"loc":{"start":{"line":24,"column":30},"end":{"line":24,"column":59}},"type":"binary-expr","locations":[{"start":{"line":24,"column":30},"end":{"line":24,"column":54}},{"start":{"line":24,"column":58},"end":{"line":24,"column":59}}],"line":24},"3":{"loc":{"start":{"line":25,"column":18},"end":{"line":25,"column":51}},"type":"binary-expr","locations":[{"start":{"line":25,"column":18},"end":{"line":25,"column":39}},{"start":{"line":25,"column":43},"end":{"line":25,"column":51}}],"line":25},"4":{"loc":{"start":{"line":26,"column":19},"end":{"line":26,"column":51}},"type":"binary-expr","locations":[{"start":{"line":26,"column":19},"end":{"line":26,"column":39}},{"start":{"line":26,"column":43},"end":{"line":26,"column":51}}],"line":26},"5":{"loc":{"start":{"line":33,"column":4},"end":{"line":41,"column":5}},"type":"if","locations":[{"start":{"line":33,"column":4},"end":{"line":41,"column":5}},{"start":{"line":37,"column":11},"end":{"line":41,"column":5}}],"line":33},"6":{"loc":{"start":{"line":33,"column":8},"end":{"line":33,"column":47}},"type":"binary-expr","locations":[{"start":{"line":33,"column":8},"end":{"line":33,"column":22}},{"start":{"line":33,"column":26},"end":{"line":33,"column":47}}],"line":33},"7":{"loc":{"start":{"line":44,"column":4},"end":{"line":53,"column":5}},"type":"if","locations":[{"start":{"line":44,"column":4},"end":{"line":53,"column":5}},{"start":{},"end":{}}],"line":44},"8":{"loc":{"start":{"line":46,"column":29},"end":{"line":46,"column":96}},"type":"cond-expr","locations":[{"start":{"line":46,"column":50},"end":{"line":46,"column":71}},{"start":{"line":46,"column":74},"end":{"line":46,"column":96}}],"line":46},"9":{"loc":{"start":{"line":47,"column":8},"end":{"line":49,"column":9}},"type":"if","locations":[{"start":{"line":47,"column":8},"end":{"line":49,"column":9}},{"start":{},"end":{}}],"line":47},"10":{"loc":{"start":{"line":47,"column":12},"end":{"line":47,"column":57}},"type":"binary-expr","locations":[{"start":{"line":47,"column":12},"end":{"line":47,"column":26}},{"start":{"line":47,"column":30},"end":{"line":47,"column":57}}],"line":47},"11":{"loc":{"start":{"line":56,"column":4},"end":{"line":62,"column":5}},"type":"if","locations":[{"start":{"line":56,"column":4},"end":{"line":62,"column":5}},{"start":{},"end":{}}],"line":56},"12":{"loc":{"start":{"line":58,"column":28},"end":{"line":58,"column":94}},"type":"cond-expr","locations":[{"start":{"line":58,"column":50},"end":{"line":58,"column":70}},{"start":{"line":58,"column":73},"end":{"line":58,"column":94}}],"line":58},"13":{"loc":{"start":{"line":71,"column":17},"end":{"line":71,"column":45}},"type":"binary-expr","locations":[{"start":{"line":71,"column":17},"end":{"line":71,"column":34}},{"start":{"line":71,"column":38},"end":{"line":71,"column":45}}],"line":71},"14":{"loc":{"start":{"line":73,"column":4},"end":{"line":75,"column":5}},"type":"if","locations":[{"start":{"line":73,"column":4},"end":{"line":75,"column":5}},{"start":{},"end":{}}],"line":73},"15":{"loc":{"start":{"line":76,"column":4},"end":{"line":79,"column":5}},"type":"if","locations":[{"start":{"line":76,"column":4},"end":{"line":79,"column":5}},{"start":{},"end":{}}],"line":76},"16":{"loc":{"start":{"line":80,"column":4},"end":{"line":83,"column":5}},"type":"if","locations":[{"start":{"line":80,"column":4},"end":{"line":83,"column":5}},{"start":{},"end":{}}],"line":80},"17":{"loc":{"start":{"line":94,"column":8},"end":{"line":96,"column":9}},"type":"if","locations":[{"start":{"line":94,"column":8},"end":{"line":96,"column":9}},{"start":{},"end":{}}],"line":94},"18":{"loc":{"start":{"line":94,"column":12},"end":{"line":94,"column":27}},"type":"binary-expr","locations":[{"start":{"line":94,"column":12},"end":{"line":94,"column":18}},{"start":{"line":94,"column":22},"end":{"line":94,"column":27}}],"line":94},"19":{"loc":{"start":{"line":99,"column":8},"end":{"line":101,"column":9}},"type":"if","locations":[{"start":{"line":99,"column":8},"end":{"line":101,"column":9}},{"start":{},"end":{}}],"line":99},"20":{"loc":{"start":{"line":109,"column":8},"end":{"line":117,"column":9}},"type":"if","locations":[{"start":{"line":109,"column":8},"end":{"line":117,"column":9}},{"start":{"line":115,"column":15},"end":{"line":117,"column":9}}],"line":109},"21":{"loc":{"start":{"line":124,"column":8},"end":{"line":126,"column":9}},"type":"if","locations":[{"start":{"line":124,"column":8},"end":{"line":126,"column":9}},{"start":{},"end":{}}],"line":124},"22":{"loc":{"start":{"line":158,"column":8},"end":{"line":160,"column":9}},"type":"if","locations":[{"start":{"line":158,"column":8},"end":{"line":160,"column":9}},{"start":{},"end":{}}],"line":158},"23":{"loc":{"start":{"line":166,"column":8},"end":{"line":168,"column":9}},"type":"if","locations":[{"start":{"line":166,"column":8},"end":{"line":168,"column":9}},{"start":{},"end":{}}],"line":166},"24":{"loc":{"start":{"line":175,"column":8},"end":{"line":177,"column":9}},"type":"if","locations":[{"start":{"line":175,"column":8},"end":{"line":177,"column":9}},{"start":{},"end":{}}],"line":175},"25":{"loc":{"start":{"line":181,"column":8},"end":{"line":183,"column":9}},"type":"if","locations":[{"start":{"line":181,"column":8},"end":{"line":183,"column":9}},{"start":{},"end":{}}],"line":181},"26":{"loc":{"start":{"line":198,"column":8},"end":{"line":204,"column":9}},"type":"if","locations":[{"start":{"line":198,"column":8},"end":{"line":204,"column":9}},{"start":{},"end":{}}],"line":198},"27":{"loc":{"start":{"line":243,"column":8},"end":{"line":243,"column":105}},"type":"if","locations":[{"start":{"line":243,"column":8},"end":{"line":243,"column":105}},{"start":{},"end":{}}],"line":243},"28":{"loc":{"start":{"line":263,"column":8},"end":{"line":263,"column":114}},"type":"if","locations":[{"start":{"line":263,"column":8},"end":{"line":263,"column":114}},{"start":{},"end":{}}],"line":263},"29":{"loc":{"start":{"line":265,"column":8},"end":{"line":265,"column":112}},"type":"if","locations":[{"start":{"line":265,"column":8},"end":{"line":265,"column":112}},{"start":{},"end":{}}],"line":265},"30":{"loc":{"start":{"line":291,"column":26},"end":{"line":291,"column":44}},"type":"binary-expr","locations":[{"start":{"line":291,"column":26},"end":{"line":291,"column":41}},{"start":{"line":291,"column":43},"end":{"line":291,"column":44}}],"line":291},"31":{"loc":{"start":{"line":292,"column":81},"end":{"line":292,"column":91}},"type":"binary-expr","locations":[{"start":{"line":292,"column":81},"end":{"line":292,"column":88}},{"start":{"line":292,"column":90},"end":{"line":292,"column":91}}],"line":292}},"s":{"0":1,"1":1,"2":1,"3":1,"4":0,"5":0,"6":8,"7":8,"8":8,"9":8,"10":8,"11":8,"12":8,"13":8,"14":8,"15":8,"16":8,"17":8,"18":8,"19":6,"20":6,"21":6,"22":2,"23":2,"24":2,"25":8,"26":6,"27":6,"28":6,"29":0,"30":6,"31":6,"32":6,"33":8,"34":0,"35":0,"36":0,"37":0,"38":0,"39":8,"40":19,"41":19,"42":19,"43":19,"44":19,"45":7,"46":12,"47":5,"48":5,"49":7,"50":5,"51":5,"52":2,"53":1,"54":0,"55":0,"56":0,"57":0,"58":0,"59":0,"60":0,"61":0,"62":0,"63":0,"64":0,"65":0,"66":0,"67":0,"68":0,"69":0,"70":0,"71":0,"72":0,"73":0,"74":0,"75":1,"76":0,"77":0,"78":0,"79":0,"80":0,"81":0,"82":0,"83":0,"84":0,"85":0,"86":0,"87":0,"88":0,"89":0,"90":0,"91":0,"92":0,"93":0,"94":0,"95":0,"96":0,"97":0,"98":0,"99":0,"100":0,"101":0,"102":1,"103":1,"104":1,"105":1,"106":1,"107":0,"108":0,"109":0,"110":0,"111":0,"112":0,"113":0,"114":1,"115":0,"116":0,"117":0,"118":0,"119":0,"120":0,"121":0,"122":0,"123":0,"124":0,"125":0,"126":0,"127":0,"128":0,"129":0,"130":0,"131":0,"132":0,"133":0,"134":0,"135":0},"f":{"0":0,"1":8,"2":19,"3":0,"4":0,"5":0,"6":0,"7":0},"b":{"0":[0,0],"1":[8,0],"2":[8,0],"3":[8,0],"4":[8,0],"5":[6,2],"6":[8,8],"7":[6,2],"8":[6,0],"9":[0,6],"10":[6,6],"11":[0,8],"12":[0,0],"13":[19,1],"14":[7,12],"15":[5,7],"16":[5,2],"17":[0,0],"18":[0,0],"19":[0,0],"20":[0,0],"21":[0,0],"22":[0,0],"23":[0,0],"24":[0,0],"25":[0,0],"26":[0,0],"27":[0,0],"28":[0,0],"29":[0,0],"30":[0,0],"31":[0,0]},"_coverageSchema":"1a1c01bbd47fc00a2c39e90264f33305004495a9","hash":"e54e0a1657333e637907974e1d7e6a910d435625"}
,"/Users/angie_2502/parqueadero/src/utils/sanitize.js": {"path":"/Users/angie_2502/parqueadero/src/utils/sanitize.js","statementMap":{"0":{"start":{"line":1,"column":29},"end":{"line":1,"column":63}},"1":{"start":{"line":5,"column":12},"end":{"line":5,"column":25}},"2":{"start":{"line":6,"column":2},"end":{"line":6,"column":43}},"3":{"start":{"line":6,"column":27},"end":{"line":6,"column":43}},"4":{"start":{"line":7,"column":12},"end":{"line":7,"column":25}},"5":{"start":{"line":8,"column":2},"end":{"line":8,"column":26}},"6":{"start":{"line":8,"column":15},"end":{"line":8,"column":26}},"7":{"start":{"line":9,"column":2},"end":{"line":9,"column":26}},"8":{"start":{"line":9,"column":15},"end":{"line":9,"column":26}},"9":{"start":{"line":10,"column":2},"end":{"line":10,"column":11}},"10":{"start":{"line":15,"column":2},"end":{"line":15,"column":45}},"11":{"start":{"line":15,"column":33},"end":{"line":15,"column":45}},"12":{"start":{"line":16,"column":12},"end":{"line":16,"column":51}},"13":{"start":{"line":18,"column":18},"end":{"line":18,"column":53}},"14":{"start":{"line":18,"column":43},"end":{"line":18,"column":52}},"15":{"start":{"line":19,"column":2},"end":{"line":19,"column":24}},"16":{"start":{"line":24,"column":2},"end":{"line":24,"column":45}},"17":{"start":{"line":24,"column":33},"end":{"line":24,"column":45}},"18":{"start":{"line":25,"column":12},"end":{"line":25,"column":31}},"19":{"start":{"line":26,"column":2},"end":{"line":26,"column":48}},"20":{"start":{"line":31,"column":2},"end":{"line":48,"column":3}},"21":{"start":{"line":32,"column":14},"end":{"line":32,"column":29}},"22":{"start":{"line":33,"column":18},"end":{"line":33,"column":118}},"23":{"start":{"line":34,"column":18},"end":{"line":34,"column":118}},"24":{"start":{"line":35,"column":19},"end":{"line":35,"column":103}},"25":{"start":{"line":36,"column":17},"end":{"line":36,"column":43}},"26":{"start":{"line":37,"column":22},"end":{"line":37,"column":66}},"27":{"start":{"line":38,"column":17},"end":{"line":38,"column":72}},"28":{"start":{"line":39,"column":21},"end":{"line":39,"column":78}},"29":{"start":{"line":40,"column":18},"end":{"line":40,"column":75}},"30":{"start":{"line":42,"column":4},"end":{"line":44,"column":7}},"31":{"start":{"line":45,"column":4},"end":{"line":45,"column":11}},"32":{"start":{"line":47,"column":4},"end":{"line":47,"column":85}},"33":{"start":{"line":53,"column":2},"end":{"line":59,"column":4}},"34":{"start":{"line":54,"column":16},"end":{"line":54,"column":51}},"35":{"start":{"line":55,"column":15},"end":{"line":55,"column":84}},"36":{"start":{"line":56,"column":4},"end":{"line":56,"column":95}},"37":{"start":{"line":56,"column":13},"end":{"line":56,"column":95}},"38":{"start":{"line":57,"column":4},"end":{"line":57,"column":31}},"39":{"start":{"line":58,"column":4},"end":{"line":58,"column":11}},"40":{"start":{"line":62,"column":0},"end":{"line":68,"column":2}}},"fnMap":{"0":{"name":"toSafeInt","decl":{"start":{"line":4,"column":9},"end":{"line":4,"column":18}},"loc":{"start":{"line":4,"column":72},"end":{"line":11,"column":1}},"line":4},"1":{"name":"toSafeLike","decl":{"start":{"line":14,"column":9},"end":{"line":14,"column":19}},"loc":{"start":{"line":14,"column":54},"end":{"line":20,"column":1}},"line":14},"2":{"name":"(anonymous_2)","decl":{"start":{"line":18,"column":37},"end":{"line":18,"column":38}},"loc":{"start":{"line":18,"column":43},"end":{"line":18,"column":52}},"line":18},"3":{"name":"toSafeTipoVehiculo","decl":{"start":{"line":23,"column":9},"end":{"line":23,"column":27}},"loc":{"start":{"line":23,"column":35},"end":{"line":27,"column":1}},"line":23},"4":{"name":"sanitizeReportFilters","decl":{"start":{"line":30,"column":9},"end":{"line":30,"column":30}},"loc":{"start":{"line":30,"column":47},"end":{"line":49,"column":1}},"line":30},"5":{"name":"sanitizeIdParam","decl":{"start":{"line":52,"column":9},"end":{"line":52,"column":24}},"loc":{"start":{"line":52,"column":43},"end":{"line":60,"column":1}},"line":52},"6":{"name":"(anonymous_6)","decl":{"start":{"line":53,"column":9},"end":{"line":53,"column":10}},"loc":{"start":{"line":53,"column":35},"end":{"line":59,"column":3}},"line":53}},"branchMap":{"0":{"loc":{"start":{"line":4,"column":26},"end":{"line":4,"column":70}},"type":"default-arg","locations":[{"start":{"line":4,"column":68},"end":{"line":4,"column":70}}],"line":4},"1":{"loc":{"start":{"line":4,"column":28},"end":{"line":4,"column":35}},"type":"default-arg","locations":[{"start":{"line":4,"column":34},"end":{"line":4,"column":35}}],"line":4},"2":{"loc":{"start":{"line":4,"column":37},"end":{"line":4,"column":49}},"type":"default-arg","locations":[{"start":{"line":4,"column":43},"end":{"line":4,"column":49}}],"line":4},"3":{"loc":{"start":{"line":4,"column":51},"end":{"line":4,"column":63}},"type":"default-arg","locations":[{"start":{"line":4,"column":62},"end":{"line":4,"column":63}}],"line":4},"4":{"loc":{"start":{"line":6,"column":2},"end":{"line":6,"column":43}},"type":"if","locations":[{"start":{"line":6,"column":2},"end":{"line":6,"column":43}},{"start":{},"end":{}}],"line":6},"5":{"loc":{"start":{"line":8,"column":2},"end":{"line":8,"column":26}},"type":"if","locations":[{"start":{"line":8,"column":2},"end":{"line":8,"column":26}},{"start":{},"end":{}}],"line":8},"6":{"loc":{"start":{"line":9,"column":2},"end":{"line":9,"column":26}},"type":"if","locations":[{"start":{"line":9,"column":2},"end":{"line":9,"column":26}},{"start":{},"end":{}}],"line":9},"7":{"loc":{"start":{"line":14,"column":27},"end":{"line":14,"column":52}},"type":"default-arg","locations":[{"start":{"line":14,"column":50},"end":{"line":14,"column":52}}],"line":14},"8":{"loc":{"start":{"line":14,"column":29},"end":{"line":14,"column":45}},"type":"default-arg","locations":[{"start":{"line":14,"column":41},"end":{"line":14,"column":45}}],"line":14},"9":{"loc":{"start":{"line":15,"column":2},"end":{"line":15,"column":45}},"type":"if","locations":[{"start":{"line":15,"column":2},"end":{"line":15,"column":45}},{"start":{},"end":{}}],"line":15},"10":{"loc":{"start":{"line":16,"column":12},"end":{"line":16,"column":51}},"type":"cond-expr","locations":[{"start":{"line":16,"column":24},"end":{"line":16,"column":43}},{"start":{"line":16,"column":46},"end":{"line":16,"column":51}}],"line":16},"11":{"loc":{"start":{"line":24,"column":2},"end":{"line":24,"column":45}},"type":"if","locations":[{"start":{"line":24,"column":2},"end":{"line":24,"column":45}},{"start":{},"end":{}}],"line":24},"12":{"loc":{"start":{"line":26,"column":9},"end":{"line":26,"column":47}},"type":"cond-expr","locations":[{"start":{"line":26,"column":39},"end":{"line":26,"column":40}},{"start":{"line":26,"column":43},"end":{"line":26,"column":47}}],"line":26},"13":{"loc":{"start":{"line":32,"column":14},"end":{"line":32,"column":29}},"type":"binary-expr","locations":[{"start":{"line":32,"column":14},"end":{"line":32,"column":23}},{"start":{"line":32,"column":27},"end":{"line":32,"column":29}}],"line":32},"14":{"loc":{"start":{"line":33,"column":18},"end":{"line":33,"column":118}},"type":"cond-expr","locations":[{"start":{"line":33,"column":71},"end":{"line":33,"column":78}},{"start":{"line":33,"column":81},"end":{"line":33,"column":118}}],"line":33},"15":{"loc":{"start":{"line":33,"column":18},"end":{"line":33,"column":68}},"type":"binary-expr","locations":[{"start":{"line":33,"column":18},"end":{"line":33,"column":45}},{"start":{"line":33,"column":49},"end":{"line":33,"column":68}}],"line":33},"16":{"loc":{"start":{"line":34,"column":18},"end":{"line":34,"column":118}},"type":"cond-expr","locations":[{"start":{"line":34,"column":71},"end":{"line":34,"column":78}},{"start":{"line":34,"column":81},"end":{"line":34,"column":118}}],"line":34},"17":{"loc":{"start":{"line":34,"column":18},"end":{"line":34,"column":68}},"type":"binary-expr","locations":[{"start":{"line":34,"column":18},"end":{"line":34,"column":45}},{"start":{"line":34,"column":49},"end":{"line":34,"column":68}}],"line":34},"18":{"loc":{"start":{"line":35,"column":19},"end":{"line":35,"column":103}},"type":"cond-expr","locations":[{"start":{"line":35,"column":43},"end":{"line":35,"column":51}},{"start":{"line":35,"column":55},"end":{"line":35,"column":102}}],"line":35},"19":{"loc":{"start":{"line":35,"column":55},"end":{"line":35,"column":102}},"type":"cond-expr","locations":[{"start":{"line":35,"column":83},"end":{"line":35,"column":95}},{"start":{"line":35,"column":98},"end":{"line":35,"column":102}}],"line":35},"20":{"loc":{"start":{"line":37,"column":22},"end":{"line":37,"column":66}},"type":"cond-expr","locations":[{"start":{"line":37,"column":32},"end":{"line":37,"column":59}},{"start":{"line":37,"column":62},"end":{"line":37,"column":66}}],"line":37},"21":{"loc":{"start":{"line":52,"column":25},"end":{"line":52,"column":41}},"type":"default-arg","locations":[{"start":{"line":52,"column":37},"end":{"line":52,"column":41}}],"line":52},"22":{"loc":{"start":{"line":54,"column":16},"end":{"line":54,"column":51}},"type":"binary-expr","locations":[{"start":{"line":54,"column":16},"end":{"line":54,"column":26}},{"start":{"line":54,"column":30},"end":{"line":54,"column":51}}],"line":54},"23":{"loc":{"start":{"line":56,"column":4},"end":{"line":56,"column":95}},"type":"if","locations":[{"start":{"line":56,"column":4},"end":{"line":56,"column":95}},{"start":{},"end":{}}],"line":56}},"s":{"0":1,"1":0,"2":0,"3":0,"4":0,"5":0,"6":0,"7":0,"8":0,"9":0,"10":0,"11":0,"12":0,"13":0,"14":0,"15":0,"16":0,"17":0,"18":0,"19":0,"20":0,"21":0,"22":0,"23":0,"24":0,"25":0,"26":0,"27":0,"28":0,"29":0,"30":0,"31":0,"32":0,"33":2,"34":0,"35":0,"36":0,"37":0,"38":0,"39":0,"40":1},"f":{"0":0,"1":0,"2":0,"3":0,"4":0,"5":2,"6":0},"b":{"0":[0],"1":[0],"2":[0],"3":[0],"4":[0,0],"5":[0,0],"6":[0,0],"7":[0],"8":[0],"9":[0,0],"10":[0,0],"11":[0,0],"12":[0,0],"13":[0,0],"14":[0,0],"15":[0,0],"16":[0,0],"17":[0,0],"18":[0,0],"19":[0,0],"20":[0,0],"21":[0],"22":[0,0],"23":[0,0]},"_coverageSchema":"1a1c01bbd47fc00a2c39e90264f33305004495a9","hash":"16ebb6ac5ab3460a5a468caf5e0f12366b0fcf7b"}
}
