TN:
SF:src/config/db.js
FNF:0
FNH:0
DA:1,1
DA:2,1
DA:5,1
DA:17,1
LF:4
LH:4
BRDA:6,0,0,1
BRDA:6,0,1,0
BRDA:7,1,0,1
BRDA:7,1,1,0
BRDA:8,2,0,1
BRDA:8,2,1,0
BRDA:9,3,0,1
BRDA:9,3,1,0
BRF:8
BRH:4
end_of_record
TN:
SF:src/middleware/auth.js
FN:3,(anonymous_0)
FNF:1
FNH:0
FNDA:0,(anonymous_0)
DA:1,1
DA:3,1
DA:4,0
DA:6,0
DA:7,0
DA:13,0
DA:14,0
DA:15,0
DA:16,0
DA:18,0
DA:19,0
DA:21,0
DA:28,1
LF:13
LH:3
BRDA:6,0,0,0
BRDA:6,0,1,0
BRDA:16,1,0,0
BRDA:16,1,1,0
BRF:4
BRH:0
end_of_record
TN:
SF:src/routes/movimientos.js
FN:7,obtenerTarifaActiva
FN:19,calcularTotalMixto
FN:67,calcularTotal
FN:89,(anonymous_3)
FN:154,(anonymous_4)
FN:234,(anonymous_5)
FN:252,(anonymous_6)
FN:292,(anonymous_7)
FNF:8
FNH:2
FNDA:0,obtenerTarifaActiva
FNDA:8,calcularTotalMixto
FNDA:19,calcularTotal
FNDA:0,(anonymous_3)
FNDA:0,(anonymous_4)
FNDA:0,(anonymous_5)
FNDA:0,(anonymous_6)
FNDA:0,(anonymous_7)
DA:1,1
DA:2,1
DA:3,1
DA:4,1
DA:8,0
DA:15,0
DA:20,8
DA:21,8
DA:22,8
DA:23,8
DA:24,8
DA:25,8
DA:26,8
DA:28,8
DA:29,8
DA:30,8
DA:33,8
DA:34,6
DA:35,6
DA:36,6
DA:38,2
DA:39,2
DA:40,2
DA:44,8
DA:45,6
DA:46,6
DA:47,6
DA:48,0
DA:50,6
DA:51,6
DA:52,6
DA:56,8
DA:57,0
DA:58,0
DA:59,0
DA:60,0
DA:61,0
DA:64,8
DA:68,19
DA:69,19
DA:70,19
DA:71,19
DA:73,19
DA:74,7
DA:76,12
DA:77,5
DA:78,5
DA:80,7
DA:81,5
DA:82,5
DA:85,2
DA:89,1
DA:90,0
DA:91,0
DA:92,0
DA:94,0
DA:95,0
DA:98,0
DA:99,0
DA:100,0
DA:104,0
DA:109,0
DA:110,0
DA:114,0
DA:116,0
DA:120,0
DA:124,0
DA:125,0
DA:128,0
DA:134,0
DA:146,0
DA:148,0
DA:149,0
DA:154,1
DA:155,0
DA:156,0
DA:157,0
DA:158,0
DA:159,0
DA:162,0
DA:166,0
DA:167,0
DA:169,0
DA:171,0
DA:175,0
DA:176,0
DA:178,0
DA:180,0
DA:181,0
DA:182,0
DA:185,0
DA:189,0
DA:190,0
DA:192,0
DA:198,0
DA:199,0
DA:206,0
DA:221,0
DA:223,0
DA:224,0
DA:228,1
DA:229,1
DA:230,1
DA:233,1
DA:234,1
DA:235,0
DA:236,0
DA:243,0
DA:244,0
DA:246,0
DA:247,0
DA:252,1
DA:253,0
DA:254,0
DA:255,0
DA:263,0
DA:264,0
DA:265,0
DA:267,0
DA:268,0
DA:269,0
DA:270,0
DA:271,0
DA:272,0
DA:273,0
DA:275,0
DA:279,0
DA:292,0
DA:294,0
DA:296,0
DA:297,0
LF:131
LH:51
BRDA:15,0,0,0
BRDA:15,0,1,0
BRDA:23,1,0,8
BRDA:23,1,1,0
BRDA:24,2,0,8
BRDA:24,2,1,0
BRDA:25,3,0,8
BRDA:25,3,1,0
BRDA:26,4,0,8
BRDA:26,4,1,0
BRDA:33,5,0,6
BRDA:33,5,1,2
BRDA:33,6,0,8
BRDA:33,6,1,8
BRDA:44,7,0,6
BRDA:44,7,1,2
BRDA:46,8,0,6
BRDA:46,8,1,0
BRDA:47,9,0,0
BRDA:47,9,1,6
BRDA:47,10,0,6
BRDA:47,10,1,6
BRDA:56,11,0,0
BRDA:56,11,1,8
BRDA:58,12,0,0
BRDA:58,12,1,0
BRDA:71,13,0,19
BRDA:71,13,1,1
BRDA:73,14,0,7
BRDA:73,14,1,12
BRDA:76,15,0,5
BRDA:76,15,1,7
BRDA:80,16,0,5
BRDA:80,16,1,2
BRDA:94,17,0,0
BRDA:94,17,1,0
BRDA:94,18,0,0
BRDA:94,18,1,0
BRDA:99,19,0,0
BRDA:99,19,1,0
BRDA:109,20,0,0
BRDA:109,20,1,0
BRDA:124,21,0,0
BRDA:124,21,1,0
BRDA:158,22,0,0
BRDA:158,22,1,0
BRDA:166,23,0,0
BRDA:166,23,1,0
BRDA:175,24,0,0
BRDA:175,24,1,0
BRDA:181,25,0,0
BRDA:181,25,1,0
BRDA:198,26,0,0
BRDA:198,26,1,0
BRDA:243,27,0,0
BRDA:243,27,1,0
BRDA:263,28,0,0
BRDA:263,28,1,0
BRDA:265,29,0,0
BRDA:265,29,1,0
BRDA:291,30,0,0
BRDA:291,30,1,0
BRDA:292,31,0,0
BRDA:292,31,1,0
BRF:64
BRH:23
end_of_record
TN:
SF:src/utils/sanitize.js
FN:4,toSafeInt
FN:14,toSafeLike
FN:18,(anonymous_2)
FN:23,toSafeTipoVehiculo
FN:30,sanitizeReportFilters
FN:52,sanitizeIdParam
FN:53,(anonymous_6)
FNF:7
FNH:1
FNDA:0,toSafeInt
FNDA:0,toSafeLike
FNDA:0,(anonymous_2)
FNDA:0,toSafeTipoVehiculo
FNDA:0,sanitizeReportFilters
FNDA:2,sanitizeIdParam
FNDA:0,(anonymous_6)
DA:1,1
DA:5,0
DA:6,0
DA:7,0
DA:8,0
DA:9,0
DA:10,0
DA:15,0
DA:16,0
DA:18,0
DA:19,0
DA:24,0
DA:25,0
DA:26,0
DA:31,0
DA:32,0
DA:33,0
DA:34,0
DA:35,0
DA:36,0
DA:37,0
DA:38,0
DA:39,0
DA:40,0
DA:42,0
DA:45,0
DA:47,0
DA:53,2
DA:54,0
DA:55,0
DA:56,0
DA:57,0
DA:58,0
DA:62,1
LF:34
LH:3
BRDA:4,0,0,0
BRDA:4,1,0,0
BRDA:4,2,0,0
BRDA:4,3,0,0
BRDA:6,4,0,0
BRDA:6,4,1,0
BRDA:8,5,0,0
BRDA:8,5,1,0
BRDA:9,6,0,0
BRDA:9,6,1,0
BRDA:14,7,0,0
BRDA:14,8,0,0
BRDA:15,9,0,0
BRDA:15,9,1,0
BRDA:16,10,0,0
BRDA:16,10,1,0
BRDA:24,11,0,0
BRDA:24,11,1,0
BRDA:26,12,0,0
BRDA:26,12,1,0
BRDA:32,13,0,0
BRDA:32,13,1,0
BRDA:33,14,0,0
BRDA:33,14,1,0
BRDA:33,15,0,0
BRDA:33,15,1,0
BRDA:34,16,0,0
BRDA:34,16,1,0
BRDA:34,17,0,0
BRDA:34,17,1,0
BRDA:35,18,0,0
BRDA:35,18,1,0
BRDA:35,19,0,0
BRDA:35,19,1,0
BRDA:37,20,0,0
BRDA:37,20,1,0
BRDA:52,21,0,0
BRDA:54,22,0,0
BRDA:54,22,1,0
BRDA:56,23,0,0
BRDA:56,23,1,0
BRF:41
BRH:0
end_of_record
